14:51:15 **** Build of configuration debug for project inet ****
make MODE=debug -j12 all 
make[1]: Entering directory '/home/hatada/work/cctc-cav-repro/third_party/inet/src'
*** CCACHE not detected - using precompiled headers
*** COMPILING with:
g++ -c  -O0 -Wall -ggdb3   -MMD -MP -MF .d  -fPIC  -fno-omit-frame-pointer -DHAVE_SWAPCONTEXT -DWITH_QTENV -DWITH_NETBUILDER -DWITH_OSG -fopenmp -Wno-overloaded-virtual -include inet/common/precompiled_debug.h -DOMNETPPLIBS_IMPORT -DINET_EXPORT -I. -I/home/hatada/omnetpp-6.0.3/include
*** LINKING with:
g++ -shared -fPIC -o ../out/gcc-debug/src/libINET_dbg.so -Wl,--no-as-needed -Wl,--whole-archive  -Wl,--no-whole-archive -loppenvir_dbg -loppsim_dbg -ldl -lstdc++    -Wl,-rpath,/home/hatada/omnetpp-6.0.3/lib -Wl,-rpath,. -Wl,-rpath,/home/hatada/omnetpp-6.0.3/tools/linux.x86_64/lib  -Wl,--export-dynamic -L/home/hatada/omnetpp-6.0.3/lib -fopenmp
Building...
make[1]: Nothing to be done for 'all-pch'.
make[1]: Leaving directory '/home/hatada/work/cctc-cav-repro/third_party/inet/src'
14:51:17 **** Build of configuration gcc-debug for project veins ****
make MODE=debug -j12 all 
make[1]: Entering directory '/home/hatada/work/cctc-cav-repro/third_party/veins/src'
veins/base/connectionManager/BaseConnectionManager.cc
veins/base/connectionManager/ChannelAccess.cc
veins/base/connectionManager/ConnectionManager.cc
veins/base/connectionManager/NicEntryDebug.cc
veins/base/modules/BaseApplLayer.cc
veins/base/connectionManager/NicEntryDirect.cc
veins/base/modules/BaseBattery.cc
veins/base/modules/BaseLayer.cc
veins/base/modules/BaseMacLayer.cc
veins/base/modules/BaseMobility.cc
veins/base/modules/BaseWorldUtility.cc
veins/base/modules/BaseModule.cc
veins/base/modules/BatteryAccess.cc
veins/base/phyLayer/Antenna.cc
veins/base/phyLayer/BaseDecider.cc
veins/base/phyLayer/BasePhyLayer.cc
veins/base/phyLayer/ChannelInfo.cc
veins/base/phyLayer/Decider.cc
veins/base/phyLayer/PhyUtils.cc
veins/base/toolbox/Signal.cc
veins/base/toolbox/SignalUtils.cc
veins/base/toolbox/Spectrum.cc
veins/base/utils/Coord.cc
veins/base/utils/Heading.cc
In file included from ./veins/base/toolbox/Signal.h:29,
                 from ./veins/base/toolbox/Signal_m.h:39,
                 from ./veins/base/messages/AirFrame_m.h:37,
                 from veins/base/phyLayer/BaseDecider.cc:33:
./veins/base/toolbox/Spectrum.h:56:82: warning: ‘visibility’ attribute ignored on non-class types [-Wattributes]
   56 |     friend std::ostream& VEINS_API operator<<(std::ostream& os, const Spectrum& s);
      |                                                                                  ^
In file included from ./veins/base/toolbox/Signal.h:29,
                 from ./veins/base/toolbox/Signal_m.h:39,
                 from ./veins/base/messages/AirFrame_m.h:37,
                 from ./veins/base/phyLayer/ChannelInfo.h:31,
                 from veins/base/phyLayer/ChannelInfo.cc:25:
./veins/base/toolbox/Spectrum.h:56:82: warning: ‘visibility’ attribute ignored on non-class types [-Wattributes]
   56 |     friend std::ostream& VEINS_API operator<<(std::ostream& os, const Spectrum& s);
      |                                                                                  ^
In file included from ./veins/base/toolbox/Signal.h:29,
                 from ./veins/base/toolbox/Signal_m.h:39,
                 from ./veins/base/messages/AirFrame_m.h:37,
                 from ./veins/base/phyLayer/ChannelInfo.h:31,
                 from ./veins/base/phyLayer/BasePhyLayer.h:38,
                 from veins/base/phyLayer/BasePhyLayer.cc:25:
./veins/base/toolbox/Spectrum.h:56:82: warning: ‘visibility’ attribute ignored on non-class types [-Wattributes]
   56 |     friend std::ostream& VEINS_API operator<<(std::ostream& os, const Spectrum& s);
      |                                                                                  ^
veins/base/utils/NedFunctions.cc
In file included from ./veins/base/toolbox/Signal.h:29,
                 from ./veins/base/toolbox/Signal_m.h:39,
                 from ./veins/base/messages/AirFrame_m.h:37,
                 from veins/base/phyLayer/PhyUtils.cc:27:
./veins/base/toolbox/Spectrum.h:56:82: warning: ‘visibility’ attribute ignored on non-class types [-Wattributes]
   56 |     friend std::ostream& VEINS_API operator<<(std::ostream& os, const Spectrum& s);
      |                                                                                  ^
veins/base/utils/NetwToMacControlInfo.cc
veins/base/utils/SimpleAddress.cc
In file included from veins/base/toolbox/Spectrum.cc:23:
./veins/base/toolbox/Spectrum.h:56:82: warning: ‘visibility’ attribute ignored on non-class types [-Wattributes]
   56 |     friend std::ostream& VEINS_API operator<<(std::ostream& os, const Spectrum& s);
      |                                                                                  ^
In file included from ./veins/base/toolbox/Signal.h:29,
                 from ./veins/base/toolbox/SignalUtils.h:35,
                 from veins/base/toolbox/SignalUtils.cc:23:
./veins/base/toolbox/Spectrum.h:56:82: warning: ‘visibility’ attribute ignored on non-class types [-Wattributes]
   56 |     friend std::ostream& VEINS_API operator<<(std::ostream& os, const Spectrum& s);
      |                                                                                  ^
veins/base/utils/winsupport.cc
veins/modules/analogueModel/BreakpointPathlossModel.cc
In file included from ./veins/base/toolbox/Signal.h:29,
                 from veins/base/toolbox/Signal.cc:23:
./veins/base/toolbox/Spectrum.h:56:82: warning: ‘visibility’ attribute ignored on non-class types [-Wattributes]
   56 |     friend std::ostream& VEINS_API operator<<(std::ostream& os, const Spectrum& s);
      |                                                                                  ^
veins/modules/analogueModel/NakagamiFading.cc
veins/modules/analogueModel/PERModel.cc
veins/modules/analogueModel/SimpleObstacleShadowing.cc
veins/modules/analogueModel/SimplePathlossModel.cc
veins/modules/analogueModel/TwoRayInterferenceModel.cc
veins/modules/analogueModel/VehicleObstacleShadowing.cc
veins/modules/application/ieee80211p/DemoBaseApplLayer.cc
In file included from ./veins/base/toolbox/Signal.h:29,
                 from ./veins/base/toolbox/Signal_m.h:39,
                 from ./veins/base/messages/AirFrame_m.h:37,
                 from veins/modules/analogueModel/BreakpointPathlossModel.cc:27:
./veins/base/toolbox/Spectrum.h:56:82: warning: ‘visibility’ attribute ignored on non-class types [-Wattributes]
   56 |     friend std::ostream& VEINS_API operator<<(std::ostream& os, const Spectrum& s);
      |                                                                                  ^
veins/modules/application/traci/MyVeinsApp.cc
In file included from ./veins/base/toolbox/Signal.h:29,
                 from ./veins/base/toolbox/Signal_m.h:39,
                 from ./veins/base/messages/AirFrame_m.h:37,
                 from ./veins/modules/analogueModel/NakagamiFading.h:28,
                 from veins/modules/analogueModel/NakagamiFading.cc:24:
./veins/base/toolbox/Spectrum.h:56:82: warning: ‘visibility’ attribute ignored on non-class types [-Wattributes]
   56 |     friend std::ostream& VEINS_API operator<<(std::ostream& os, const Spectrum& s);
      |                                                                                  ^
veins/modules/application/traci/TraCIDemo11p.cc
veins/modules/application/traci/TraCIDemoRSU11p.cc
veins/modules/application/traci/TraCIDemoTrafficLightApp.cc
veins/modules/mac/ieee80211p/Mac1609_4.cc
In file included from ./veins/base/toolbox/Signal.h:29,
                 from ./veins/base/toolbox/Signal_m.h:39,
                 from ./veins/base/messages/AirFrame_m.h:37,
                 from ./veins/modules/analogueModel/SimpleObstacleShadowing.h:31,
                 from veins/modules/analogueModel/SimpleObstacleShadowing.cc:23:
./veins/base/toolbox/Spectrum.h:56:82: warning: ‘visibility’ attribute ignored on non-class types [-Wattributes]
   56 |     friend std::ostream& VEINS_API operator<<(std::ostream& os, const Spectrum& s);
      |                                                                                  ^
In file included from ./veins/base/toolbox/Signal.h:29,
                 from ./veins/base/toolbox/Signal_m.h:39,
                 from ./veins/base/messages/AirFrame_m.h:37,
                 from veins/modules/analogueModel/SimplePathlossModel.cc:27:
./veins/base/toolbox/Spectrum.h:56:82: warning: ‘visibility’ attribute ignored on non-class types [-Wattributes]
   56 |     friend std::ostream& VEINS_API operator<<(std::ostream& os, const Spectrum& s);
      |                                                                                  ^
In file included from ./veins/base/toolbox/Signal.h:29,
                 from ./veins/base/toolbox/Signal_m.h:39,
                 from ./veins/base/messages/AirFrame_m.h:37,
                 from veins/modules/analogueModel/TwoRayInterferenceModel.cc:24:
./veins/base/toolbox/Spectrum.h:56:82: warning: ‘visibility’ attribute ignored on non-class types [-Wattributes]
   56 |     friend std::ostream& VEINS_API operator<<(std::ostream& os, const Spectrum& s);
      |                                                                                  ^
In file included from ./veins/base/toolbox/Signal.h:29,
                 from ./veins/base/toolbox/Signal_m.h:39,
                 from ./veins/base/messages/AirFrame_m.h:37,
                 from veins/modules/analogueModel/PERModel.cc:27:
./veins/base/toolbox/Spectrum.h:56:82: warning: ‘visibility’ attribute ignored on non-class types [-Wattributes]
   56 |     friend std::ostream& VEINS_API operator<<(std::ostream& os, const Spectrum& s);
      |                                                                                  ^
veins/modules/mobility/LinearMobility.cc
In file included from ./veins/base/toolbox/Signal.h:29,
                 from ./veins/base/toolbox/Signal_m.h:39,
                 from ./veins/base/messages/AirFrame_m.h:37,
                 from ./veins/modules/analogueModel/VehicleObstacleShadowing.h:29,
                 from veins/modules/analogueModel/VehicleObstacleShadowing.cc:23:
./veins/base/toolbox/Spectrum.h:56:82: warning: ‘visibility’ attribute ignored on non-class types [-Wattributes]
   56 |     friend std::ostream& VEINS_API operator<<(std::ostream& os, const Spectrum& s);
      |                                                                                  ^
veins/modules/mobility/traci/TraCIBuffer.cc
veins/modules/mobility/traci/TraCIColor.cc
veins/modules/mobility/traci/TraCICommandInterface.cc
veins/modules/mobility/traci/TraCIConnection.cc
veins/modules/mobility/traci/TraCICoordinateTransformation.cc
In file included from ./veins/base/toolbox/Signal.h:29,
                 from ./veins/base/toolbox/Signal_m.h:39,
                 from ./veins/base/messages/AirFrame_m.h:37,
                 from ./veins/base/phyLayer/ChannelInfo.h:31,
                 from ./veins/base/phyLayer/BasePhyLayer.h:38,
                 from ./veins/modules/phy/PhyLayer80211p.h:25,
                 from ./veins/modules/mac/ieee80211p/Mac1609_4.h:32,
                 from veins/modules/mac/ieee80211p/Mac1609_4.cc:24:
./veins/base/toolbox/Spectrum.h:56:82: warning: ‘visibility’ attribute ignored on non-class types [-Wattributes]
   56 |     friend std::ostream& VEINS_API operator<<(std::ostream& os, const Spectrum& s);
      |                                                                                  ^
veins/modules/mac/ieee80211p/Mac1609_4.cc: In member function ‘virtual void veins::Mac1609_4::changeServiceChannel(veins::Channel)’:
veins/modules/mac/ieee80211p/Mac1609_4.cc:529:65: warning: format ‘%d’ expects argument of type ‘int’, but argument 3 has type ‘veins::Channel’ [-Wformat=]
  529 |         throw cRuntimeError("This Service Channel doesnt exit: %d", cN);
      |                                                                ~^   ~~
      |                                                                 |   |
      |                                                                 int veins::Channel
veins/modules/mobility/traci/TraCILauncher.cc
veins/modules/mobility/traci/TraCIMobility.cc
veins/modules/mobility/traci/TraCIRegionOfInterest.cc
veins/modules/mobility/traci/TraCIScenarioManager.cc
veins/modules/mobility/traci/TraCIScenarioManagerForker.cc
veins/modules/mobility/traci/TraCIScenarioManagerLaunchd.cc
veins/modules/mobility/traci/TraCIScreenRecorder.cc
veins/modules/mobility/traci/TraCIVehicleInserter.cc
veins/modules/obstacle/MobileHostObstacle.cc
veins/modules/obstacle/Obstacle.cc
veins/modules/obstacle/ObstacleControl.cc
veins/modules/obstacle/VehicleObstacleControl.cc
veins/modules/phy/Decider80211p.cc
veins/modules/phy/NistErrorRate.cc
veins/modules/phy/PhyLayer80211p.cc
veins/modules/phy/SampledAntenna1D.cc
veins/modules/utility/BBoxLookup.cc
veins/modules/utility/HasLogProxy.cc
veins/modules/utility/TimerManager.cc
In file included from ./veins/base/toolbox/Signal.h:29,
                 from veins/modules/obstacle/VehicleObstacleControl.cc:33:
./veins/base/toolbox/Spectrum.h:56:82: warning: ‘visibility’ attribute ignored on non-class types [-Wattributes]
   56 |     friend std::ostream& VEINS_API operator<<(std::ostream& os, const Spectrum& s);
      |                                                                                  ^
veins/modules/world/annotations/AnnotationDummy.cc
In file included from ./veins/base/toolbox/Signal.h:29,
                 from veins/modules/phy/Decider80211p.cc:33:
./veins/base/toolbox/Spectrum.h:56:82: warning: ‘visibility’ attribute ignored on non-class types [-Wattributes]
   56 |     friend std::ostream& VEINS_API operator<<(std::ostream& os, const Spectrum& s);
      |                                                                                  ^
veins/modules/world/annotations/AnnotationManager.cc
In file included from ./veins/base/toolbox/Signal.h:29,
                 from ./veins/base/toolbox/Signal_m.h:39,
                 from ./veins/base/messages/AirFrame_m.h:37,
                 from ./veins/base/phyLayer/ChannelInfo.h:31,
                 from ./veins/base/phyLayer/BasePhyLayer.h:38,
                 from ./veins/modules/phy/PhyLayer80211p.h:25,
                 from veins/modules/phy/PhyLayer80211p.cc:28:
./veins/base/toolbox/Spectrum.h:56:82: warning: ‘visibility’ attribute ignored on non-class types [-Wattributes]
   56 |     friend std::ostream& VEINS_API operator<<(std::ostream& os, const Spectrum& s);
      |                                                                                  ^
veins/modules/world/traci/trafficLight/TraCITrafficLightInterface.cc
veins/modules/world/traci/trafficLight/TraCITrafficLightProgram.cc
veins/modules/world/traci/trafficLight/logics/TraCITrafficLightAbstractLogic.cc
veins/modules/world/traci/trafficLight/logics/TraCITrafficLightSimpleLogic.cc
veins/visualizer/roads/RoadsCanvasVisualizer.cc
veins/visualizer/roads/RoadsOsgVisualizer.cc
veins/common_m.cc
veins/base/messages/AirFrame_m.cc
veins/base/messages/BorderMsg_m.cc
veins/base/messages/MacPkt_m.cc
In file included from ./veins/base/toolbox/Signal.h:29,
                 from ./veins/base/toolbox/Signal_m.h:39,
                 from veins/base/messages/AirFrame_m.h:37,
                 from veins/base/messages/AirFrame_m.cc:31:
./veins/base/toolbox/Spectrum.h:56:82: warning: ‘visibility’ attribute ignored on non-class types [-Wattributes]
   56 |     friend std::ostream& VEINS_API operator<<(std::ostream& os, const Spectrum& s);
      |                                                                                  ^
veins/base/toolbox/Signal_m.cc
veins/base/utils/Coord_m.cc
veins/base/utils/POA_m.cc
veins/base/utils/SimpleAddress_m.cc
veins/modules/application/traci/TraCIDemo11pMessage_m.cc
veins/modules/messages/AckTimeOutMessage_m.cc
veins/modules/messages/AirFrame11p_m.cc
veins/modules/messages/BaseFrame1609_4_m.cc
veins/modules/messages/DemoSafetyMessage_m.cc
In file included from ./veins/base/toolbox/Signal.h:29,
                 from veins/base/toolbox/Signal_m.h:39,
                 from veins/base/toolbox/Signal_m.cc:31:
./veins/base/toolbox/Spectrum.h:56:82: warning: ‘visibility’ attribute ignored on non-class types [-Wattributes]
   56 |     friend std::ostream& VEINS_API operator<<(std::ostream& os, const Spectrum& s);
      |                                                                                  ^
veins/modules/messages/DemoServiceAdvertisement_m.cc
veins/modules/messages/Mac80211Ack_m.cc
veins/modules/messages/Mac80211Pkt_m.cc
veins/modules/messages/PhyControlMessage_m.cc
In file included from ./veins/base/toolbox/Signal.h:29,
                 from ./veins/base/toolbox/Signal_m.h:39,
                 from ./veins/base/messages/AirFrame_m.h:37,
                 from veins/modules/messages/AirFrame11p_m.h:37,
                 from veins/modules/messages/AirFrame11p_m.cc:31:
./veins/base/toolbox/Spectrum.h:56:82: warning: ‘visibility’ attribute ignored on non-class types [-Wattributes]
   56 |     friend std::ostream& VEINS_API operator<<(std::ostream& os, const Spectrum& s);
      |                                                                                  ^
veins/modules/messages/TraCITrafficLightMessage_m.cc
Creating shared library: ../out/gcc-debug/src/libveins_dbg.so
make[1]: Leaving directory '/home/hatada/work/cctc-cav-repro/third_party/veins/src'
14:51:46 **** Build of configuration gcc-debug for project veins_inet ****
make MODE=debug -j12 all 
make[1]: Entering directory '/home/hatada/work/cctc-cav-repro/third_party/veins/subprojects/veins_inet/src'
MSGC: veins_inet/VeinsInetSampleMessage.msg
veins_inet/VeinsInetApplicationBase.cc
veins_inet/VeinsInetManager.cc
veins_inet/VeinsInetManagerBase.cc
veins_inet/VeinsInetManagerForker.cc
veins_inet/VeinsInetMobility.cc
veins_inet/VeinsInetSampleApplication.cc
veins_inet/VeinsInetTransparentMobility.cc
veins_inet/VeinsInetSampleMessage_m.cc
Creating shared library: ../out/gcc-debug/src/libveins_inet_dbg.so
make[1]: Leaving directory '/home/hatada/work/cctc-cav-repro/third_party/veins/subprojects/veins_inet/src'
14:51:52 **** Build of configuration gcc-debug for project simu5G ****
make MODE=debug -j12 all 
make[1]: Entering directory '/home/hatada/work/cctc-cav-repro/third_party/simu5g/src'
apps/alert/AlertReceiver.cc
apps/alert/AlertSender.cc
apps/burst/BurstReceiver.cc
apps/burst/BurstSender.cc
apps/cbr/CbrReceiver.cc
apps/cbr/CbrSender.cc
apps/d2dMultihop/MultihopD2D.cc
apps/d2dMultihop/eventGenerator/EventGenerator.cc
apps/d2dMultihop/statistics/MultihopD2DStatistics.cc
apps/mec/DeviceApp/DeviceApp.cc
apps/mec/DeviceApp/DeviceAppMessages/Serializers/DeviceAppPacketSerializer.cc
apps/mec/MecApps/MecAppBase.cc
apps/mec/MecApps/MecRequestBackgroundApp/MecRequestBackgroundApp.cc
apps/mec/MecApps/MecAppBase.cc: In destructor ‘virtual MecAppBase::~MecAppBase()’:
apps/mec/MecApps/MecAppBase.cc:54:20: warning: unused variable ‘tcpSock’ [-Wunused-variable]
   54 |         TcpSocket* tcpSock = (TcpSocket*)sock.second;
      |                    ^~~~~~~
apps/mec/MecApps/MecRequestBackgroundGeneratorApp/MecRequestBackgroundGeneratorApp.cc
apps/mec/MecApps/MecRequestForegroundApp/MecRequestForegroundApp.cc
apps/mec/MecRequestResponseApp/MECResponseApp.cc
apps/mec/MecRequestResponseApp/UERequestApp.cc
apps/mec/RealTimeVideoStreamingApp/MecRTVideoStreamingReceiver.cc
apps/mec/RealTimeVideoStreamingApp/RTVideoStreamingSender.cc
apps/mec/WarningAlert/MECWarningAlertApp.cc
apps/mec/WarningAlert/UEWarningAlertApp.cc
apps/mec/RealTimeVideoStreamingApp/MecRTVideoStreamingReceiver.cc: In member function ‘virtual void MecRTVideoStreamingReceiver::handleSelfMessage(omnetpp::cMessage*)’:
apps/mec/RealTimeVideoStreamingApp/MecRTVideoStreamingReceiver.cc:147:14: warning: variable ‘percentage’ set but not used [-Wunused-but-set-variable]
  147 |       double percentage = 0.0;
      |              ^~~~~~~~~~
apps/mec/MecApps/MecRequestBackgroundGeneratorApp/MecRequestBackgroundGeneratorApp.cc: In member function ‘virtual void MecRequestBackgroundGeneratorApp::handleMp1Message(int)’:
apps/mec/MecApps/MecRequestBackgroundGeneratorApp/MecRequestBackgroundGeneratorApp.cc:152:41: warning: catching polymorphic type ‘class nlohmann::detail::parse_error’ by value [-Wcatch-value=]
  152 |     catch(nlohmann::detail::parse_error e)
      |                                         ^
apps/mec/WarningAlert/packets/Serializers/WarningAlertPacketSerializer.cc
apps/mecRequestResponseApp/MecRequestApp.cc
apps/mec/MecApps/MecRequestForegroundApp/MecRequestForegroundApp.cc: In member function ‘virtual void MecRequestForegroundApp::handleMp1Message(int)’:
apps/mec/MecApps/MecRequestForegroundApp/MecRequestForegroundApp.cc:127:41: warning: catching polymorphic type ‘class nlohmann::detail::parse_error’ by value [-Wcatch-value=]
  127 |     catch(nlohmann::detail::parse_error e)
      |                                         ^
apps/mec/MecApps/MecRequestBackgroundApp/MecRequestBackgroundApp.cc: In member function ‘virtual void MecRequestBackgroundApp::handleMp1Message(int)’:
apps/mec/MecApps/MecRequestBackgroundApp/MecRequestBackgroundApp.cc:174:41: warning: catching polymorphic type ‘class nlohmann::detail::parse_error’ by value [-Wcatch-value=]
  174 |     catch(nlohmann::detail::parse_error e)
      |                                         ^
apps/mec/MecRequestResponseApp/MECResponseApp.cc: In member function ‘virtual void MECResponseApp::handleMp1Message(int)’:
apps/mec/MecRequestResponseApp/MECResponseApp.cc:209:42: warning: catching polymorphic type ‘class nlohmann::detail::parse_error’ by value [-Wcatch-value=]
  209 |     catch (nlohmann::detail::parse_error e) {
      |                                          ^
apps/mecRequestResponseApp/MecResponseApp.cc
apps/vod/VoDUDPClient.cc
apps/vod/VoDUDPServer.cc
apps/voip/VoipPacketSerializer.cc
apps/voip/VoIPReceiver.cc
apps/voip/VoIPSender.cc
apps/mec/WarningAlert/MECWarningAlertApp.cc: In member function ‘virtual void MECWarningAlertApp::handleMp1Message(int)’:
apps/mec/WarningAlert/MECWarningAlertApp.cc:294:41: warning: catching polymorphic type ‘class nlohmann::detail::parse_error’ by value [-Wcatch-value=]
  294 |     catch(nlohmann::detail::parse_error e)
      |                                         ^
apps/mec/WarningAlert/MECWarningAlertApp.cc: In member function ‘virtual void MECWarningAlertApp::handleServiceMessage(int)’:
apps/mec/WarningAlert/MECWarningAlertApp.cc:317:45: warning: catching polymorphic type ‘class nlohmann::detail::parse_error’ by value [-Wcatch-value=]
  317 |         catch(nlohmann::detail::parse_error e)
      |                                             ^
common/LteCommon.cc
apps/mec/WarningAlert/MECWarningAlertApp.cc:400:49: warning: catching polymorphic type ‘class nlohmann::detail::parse_error’ by value [-Wcatch-value=]
  400 |             catch(nlohmann::detail::parse_error e)
      |                                                 ^
common/LteControlInfo.cc
common/binder/Binder.cc
common/blerCurves/PhyPisaData.cc
common/carrierAggregation/ComponentCarrier.cc
common/cellInfo/CellInfo.cc
common/timer/TTimer.cc
common/utils/utlis.cc
corenetwork/gtp/GtpUser.cc
corenetwork/gtp/GtpUserMsgSerializer.cc
corenetwork/gtp/GtpUserX2.cc
corenetwork/statsCollector/BaseStationStatsCollector.cc
corenetwork/statsCollector/UeStatsCollector.cc
corenetwork/statsCollector/L2Measures/L2MeasBase.cc
corenetwork/trafficFlowFilter/TrafficFlowFilter.cc
mobility/trafficLightMobility/TrafficLightController.cc
mobility/trafficLightMobility/TrafficLightMobility.cc
nodes/ExtCell.cc
nodes/backgroundCell/BackgroundCellAmc.cc
nodes/backgroundCell/BackgroundCellAmcNr.cc
nodes/backgroundCell/BackgroundCellChannelModel.cc
nodes/backgroundCell/BackgroundCellTrafficManager.cc
nodes/backgroundCell/BackgroundScheduler.cc
nodes/mec/MECOrchestrator/MecOrchestrator.cc
nodes/mec/MECOrchestrator/ApplicationDescriptor/ApplicationDescriptor.cc
nodes/mec/MECOrchestrator/mecHostSelectionPolicies/AvailableResourcesSelectionBased.cc
nodes/mec/MECOrchestrator/mecHostSelectionPolicies/MecHostSelectionBased.cc
nodes/mec/MECOrchestrator/mecHostSelectionPolicies/MecServiceSelectionBased.cc
nodes/backgroundCell/BackgroundCellChannelModel.cc: In member function ‘virtual double BackgroundCellChannelModel::getReceivedPower_bgUe(double, inet::Coord, inet::Coord, Direction, bool, const BackgroundScheduler*)’:
nodes/backgroundCell/BackgroundCellChannelModel.cc:830:12: warning: variable ‘noiseFigure’ set but not used [-Wunused-but-set-variable]
  830 |     double noiseFigure = 0.0;
      |            ^~~~~~~~~~~
nodes/mec/MECOrchestrator/ApplicationDescriptor/ApplicationDescriptor.cc: In constructor ‘ApplicationDescriptor::ApplicationDescriptor(const char*)’:
nodes/mec/MECOrchestrator/ApplicationDescriptor/ApplicationDescriptor.cc:39:30: warning: comparison of integer expressions of different signedness: ‘int’ and ‘nlohmann::basic_json<>::size_type’ {aka ‘long unsigned int’} [-Wsign-compare]
   39 |             for(int i = 0; i < serviceVector.size(); ++i)
      |                            ~~^~~~~~~~~~~~~~~~~~~~~~
nodes/mec/MECOrchestrator/ApplicationDescriptor/ApplicationDescriptor.cc:57:30: warning: comparison of integer expressions of different signedness: ‘int’ and ‘nlohmann::basic_json<>::size_type’ {aka ‘long unsigned int’} [-Wsign-compare]
   57 |             for(int i = 0; i < serviceVector.size(); ++i)
      |                            ~~^~~~~~~~~~~~~~~~~~~~~~
nodes/mec/MECPlatform/EventNotification/CircleNotificationEvent.cc
nodes/mec/MECPlatform/EventNotification/EventNotification.cc
nodes/mec/MECPlatform/MECServices/LocationService/LocationService.cc
nodes/mec/MECPlatform/MECServices/LocationService/resources/CircleNotificationSubscription.cc
nodes/mec/MECPlatform/MECServices/LocationService/resources/CurrentLocation.cc
nodes/mec/MECPlatform/MECServices/LocationService/resources/LocationApiDefs.cc
nodes/mec/MECPlatform/MECServices/LocationService/resources/LocationInfo.cc
nodes/mec/MECPlatform/MECServices/LocationService/resources/LocationResource.cc
nodes/mec/MECPlatform/MECServices/LocationService/resources/TerminalLocation.cc
nodes/mec/MECPlatform/MECServices/LocationService/resources/User.cc
nodes/mec/MECPlatform/MECServices/LocationService/resources/CircleNotificationSubscription.cc: In member function ‘virtual bool CircleNotificationSubscription::fromJson(const ordered_json&)’:
nodes/mec/MECPlatform/MECServices/LocationService/resources/CircleNotificationSubscription.cc:257:30: warning: comparison of integer expressions of different signedness: ‘int’ and ‘nlohmann::basic_json<>::size_type’ {aka ‘long unsigned int’} [-Wsign-compare]
  257 |             for(int i = 0; i < addressVector.size(); ++i)
      |                            ~~^~~~~~~~~~~~~~~~~~~~~~
nodes/mec/MECPlatform/MECServices/LocationService/LocationService.cc: In member function ‘virtual void LocationService::handlePOSTRequest(const HttpRequestMessage*, inet::TcpSocket*)’:
nodes/mec/MECPlatform/MECServices/LocationService/LocationService.cc:279:45: warning: catching polymorphic type ‘class nlohmann::detail::parse_error’ by value [-Wcatch-value=]
  279 |         catch(nlohmann::detail::parse_error e)
      |                                             ^
nodes/mec/MECPlatform/MECServices/LocationService/LocationService.cc: In member function ‘virtual void LocationService::handlePUTRequest(const HttpRequestMessage*, inet::TcpSocket*)’:
nodes/mec/MECPlatform/MECServices/LocationService/LocationService.cc:362:48: warning: catching polymorphic type ‘class nlohmann::detail::parse_error’ by value [-Wcatch-value=]
  362 |            catch(nlohmann::detail::parse_error e)
      |                                                ^
nodes/mec/MECPlatform/MECServices/LocationService/resources/UserInfo.cc
nodes/mec/MECPlatform/MECServices/MECServiceBase/MecServiceBase.cc
nodes/mec/MECPlatform/MECServices/MECServiceBase/SocketManager.cc
nodes/mec/MECPlatform/MECServices/RNIService/RNIService.cc
nodes/mec/MECPlatform/MECServices/RNIService/resources/AssociateId.cc
nodes/mec/MECPlatform/MECServices/RNIService/resources/CellUEInfo.cc
nodes/mec/MECPlatform/MECServices/MECServiceBase/MecServiceBase.cc: In member function ‘virtual void MecServiceBase::newSubscriptionEvent(EventNotification*)’:
nodes/mec/MECPlatform/MECServices/MECServiceBase/MecServiceBase.cc:446:66: warning: comparison of integer expressions of different signedness: ‘std::queue<EventNotification*>::size_type’ {aka ‘long unsigned int’} and ‘int’ [-Wsign-compare]
  446 |     if(subscriptionQueueSize_ != 0 && subscriptionEvents_.size() == subscriptionQueueSize_){
      |                                       ~~~~~~~~~~~~~~~~~~~~~~~~~~~^~~~~~~~~~~~~~~~~~~~~~~~~
nodes/mec/MECPlatform/MECServices/RNIService/resources/Ecgi.cc
nodes/mec/MECPlatform/MECServices/RNIService/resources/L2Meas.cc
nodes/mec/MECPlatform/MECServices/RNIService/resources/L2MeasSubscription.cc
nodes/mec/MECPlatform/MECServices/RNIService/resources/MeasRepUeSubscription.cc
nodes/mec/MECPlatform/MECServices/RNIService/resources/Plmn.cc
nodes/mec/MECPlatform/MECServices/RNIService/resources/RNICellInfo.cc
nodes/mec/MECPlatform/MECServices/Resources/AttributeBase.cc
nodes/mec/MECPlatform/MECServices/Resources/SubscriptionBase.cc
nodes/mec/MECPlatform/MECServices/Resources/TimeStamp.cc
nodes/mec/MECPlatform/MECServices/packets/AperiodicSubscriptionTimer.cc
nodes/mec/MECPlatform/MECServices/packets/HttpRequestMessage/HttpRequestMessage.cc
nodes/mec/MECPlatform/MECServices/packets/HttpRequestMessage/Serializers/HttpRequestMessageSerializer.cc
nodes/mec/MECPlatform/MECServices/Resources/TimeStamp.cc: In constructor ‘TimeStamp::TimeStamp(bool)’:
nodes/mec/MECPlatform/MECServices/Resources/TimeStamp.cc:24:14: warning: operation on ‘((TimeStamp*)this)->TimeStamp::seconds_’ may be undefined [-Wsequence-point]
   24 |     seconds_ = seconds_ = omnetpp::simTime().dbl();
      |     ~~~~~~~~~^~~~~~~~~~~~~~~~~~~~~~~~~~~~~~~~~~~~~
nodes/mec/MECPlatform/MECServices/Resources/TimeStamp.cc: In member function ‘void TimeStamp::setSeconds()’:
nodes/mec/MECPlatform/MECServices/Resources/TimeStamp.cc:59:14: warning: operation on ‘((TimeStamp*)this)->TimeStamp::seconds_’ may be undefined [-Wsequence-point]
   59 |     seconds_ =  seconds_ = omnetpp::simTime().dbl();
      |     ~~~~~~~~~^~~~~~~~~~~~~~~~~~~~~~~~~~~~~~~~~~~~~~
nodes/mec/MECPlatform/MECServices/packets/HttpResponseMessage/HttpResponseMessage.cc
nodes/mec/MECPlatform/MECServices/packets/HttpResponseMessage/Serializers/HttpResponseMessageSerializer.cc
nodes/mec/MECPlatform/MECServices/Resources/SubscriptionBase.cc: In member function ‘virtual bool SubscriptionBase::fromJson(const ordered_json&)’:
nodes/mec/MECPlatform/MECServices/Resources/SubscriptionBase.cc:62:61: warning: comparison of integer expressions of different signedness: ‘std::__cxx11::basic_string<char>::size_type’ {aka ‘long unsigned int’} and ‘int’ [-Wsign-compare]
   62 |     if(std::string(jsonBody["callbackReference"]).find('/') == -1) //bad uri
      |        ~~~~~~~~~~~~~~~~~~~~~~~~~~~~~~~~~~~~~~~~~~~~~~~~~~~~~^~~~~
nodes/mec/MECPlatform/ServiceRegistry/ServiceRegistry.cc
nodes/mec/MECPlatform/ServiceRegistry/resources/CategoryRef.cc
nodes/mec/MECPlatform/ServiceRegistry/resources/EndPointInfo.cc
nodes/mec/MECPlatform/ServiceRegistry/resources/ServiceInfo.cc
nodes/mec/MECPlatform/ServiceRegistry/resources/TransportInfo.cc
nodes/mec/MECPlatformManager/MecPlatformManager.cc
nodes/mec/UALCMP/UALCMPApp.cc
nodes/mec/UALCMP/UALCMPMessages/CreateContextAppAckMessage.cc
nodes/mec/UALCMP/UALCMPMessages/CreateContextAppMessage.cc
nodes/mec/VirtualisationInfrastructureManager/VirtualisationInfrastructureManager.cc
nodes/mec/utils/httpUtils/httpUtils.cc
stack/backgroundTrafficGenerator/BackgroundTrafficManager.cc
nodes/mec/UALCMP/UALCMPApp.cc: In member function ‘virtual void UALCMPApp::handlePOSTRequest(const HttpRequestMessage*, inet::TcpSocket*)’:
nodes/mec/UALCMP/UALCMPApp.cc:326:45: warning: catching polymorphic type ‘class nlohmann::detail::parse_error’ by value [-Wcatch-value=]
  326 |         catch(nlohmann::detail::parse_error e)
      |                                             ^
stack/backgroundTrafficGenerator/generators/TrafficGeneratorBase.cc
stack/backgroundTrafficGenerator/generators/TrafficGeneratorCbr.cc
stack/compManager/LteCompManagerBase.cc
stack/compManager/X2CompMsg.cc
stack/compManager/compManagerProportional/LteCompManagerProportional.cc
stack/d2dModeSelection/D2DModeSelectionBase.cc
stack/d2dModeSelection/d2dModeSelectionBestCqi/D2DModeSelectionBestCqi.cc
stack/dualConnectivityManager/DualConnectivityManager.cc
stack/backgroundTrafficGenerator/generators/TrafficGeneratorBase.cc: In member function ‘virtual void TrafficGeneratorBase::handleMessage(omnetpp::cMessage*)’:
stack/backgroundTrafficGenerator/generators/TrafficGeneratorBase.cc:167:45: warning: comparison of integer expressions of different signedness: ‘int’ and ‘unsigned int’ [-Wsign-compare]
  167 |             if (rtxNotification->getBytes() == bufferedBytesRtx_[dir])
      |                 ~~~~~~~~~~~~~~~~~~~~~~~~~~~~^~~~~~~~~~~~~~~~~~~~~~~~~
stack/backgroundTrafficGenerator/generators/TrafficGeneratorBase.cc: In member function ‘unsigned int TrafficGeneratorBase::consumeBytes(int, Direction, bool)’:
stack/backgroundTrafficGenerator/generators/TrafficGeneratorBase.cc:259:19: warning: comparison of integer expressions of different signedness: ‘int’ and ‘unsigned int’ [-Wsign-compare]
  259 |         if (bytes > bufferedBytes_[dir])
      |             ~~~~~~^~~~~~~~~~~~~~~~~~~~~
stack/backgroundTrafficGenerator/generators/TrafficGeneratorBase.cc:266:19: warning: comparison of integer expressions of different signedness: ‘int’ and ‘unsigned int’ [-Wsign-compare]
  266 |         if (bytes > bufferedBytesRtx_[dir])
      |             ~~~~~~^~~~~~~~~~~~~~~~~~~~~~~~
stack/dualConnectivityManager/X2DualConnectivityDataMsg.cc
stack/handoverManager/LteHandoverManager.cc
stack/handoverManager/X2HandoverControlMsg.cc
stack/ip2nic/IP2Nic.cc
stack/ip2nic/SplitBearersTable.cc
stack/mac/allocator/LteAllocationModule.cc
stack/mac/allocator/LteAllocationModuleFrequencyReuse.cc
stack/mac/amc/AmcPilotAuto.cc
stack/mac/amc/AmcPilotD2D.cc
stack/mac/amc/LteAmc.cc
stack/mac/amc/LteMcs.cc
stack/mac/amc/NRAmc.cc
stack/mac/amc/NRMcs.cc
stack/mac/amc/UserTxParams.cc
stack/mac/buffer/LteMacBuffer.cc
stack/mac/buffer/LteMacQueue.cc
stack/mac/buffer/harq/LteHarqBufferRx.cc
stack/mac/buffer/harq/LteHarqBufferTx.cc
stack/mac/buffer/harq/LteHarqProcessRx.cc
stack/mac/buffer/harq/LteHarqProcessTx.cc
stack/mac/buffer/harq/LteHarqUnitTx.cc
stack/mac/buffer/harq_d2d/LteHarqBufferMirrorD2D.cc
stack/mac/buffer/harq_d2d/LteHarqBufferRxD2D.cc
stack/mac/buffer/harq_d2d/LteHarqBufferTxD2D.cc
stack/mac/buffer/harq_d2d/LteHarqProcessMirrorD2D.cc
stack/mac/buffer/harq_d2d/LteHarqProcessRxD2D.cc
stack/mac/buffer/harq_d2d/LteHarqProcessTxD2D.cc
stack/mac/buffer/harq_d2d/LteHarqUnitTxD2D.cc
stack/mac/conflict_graph/ConflictGraph.cc
stack/mac/conflict_graph/DistanceBasedConflictGraph.cc
stack/mac/layer/LteMacBase.cc
stack/mac/layer/LteMacEnb.cc
stack/mac/layer/LteMacEnbD2D.cc
stack/mac/layer/LteMacUe.cc
stack/mac/layer/LteMacUeD2D.cc
stack/mac/layer/NRMacGnb.cc
stack/mac/layer/NRMacUe.cc
stack/mac/packet/LteMacPdu.cc
stack/mac/scheduler/LcgScheduler.cc
stack/mac/scheduler/LteScheduler.cc
stack/mac/scheduler/LteSchedulerEnb.cc
stack/mac/layer/LteMacUe.cc: In member function ‘virtual int LteMacUe::macSduRequest()’:
stack/mac/layer/LteMacUe.cc:300:26: warning: comparison of integer expressions of different signedness: ‘int’ and ‘size_t’ {aka ‘long unsigned int’} [-Wsign-compare]
  300 |         for (int cw=0; cw<git->second->getGrantedCwBytesArraySize(); cw++)
      |                        ~~^~~~~~~~~~~~~~~~~~~~~~~~~~~~~~~~~~~~~~~~~~
stack/mac/layer/NRMacUe.cc: In member function ‘virtual int NRMacUe::macSduRequest()’:
stack/mac/layer/NRMacUe.cc:303:26: warning: comparison of integer expressions of different signedness: ‘int’ and ‘size_t’ {aka ‘long unsigned int’} [-Wsign-compare]
  303 |         for (int cw=0; cw<git->second->getGrantedCwBytesArraySize(); cw++)
      |                        ~~^~~~~~~~~~~~~~~~~~~~~~~~~~~~~~~~~~~~~~~~~~
stack/mac/scheduler/LteSchedulerEnbDl.cc
stack/mac/scheduler/LcgScheduler.cc: In member function ‘virtual ScheduleList& LcgScheduler::schedule(unsigned int, Direction)’:
stack/mac/scheduler/LcgScheduler.cc:224:33: warning: comparison of integer expressions of different signedness: ‘unsigned int’ and ‘int’ [-Wsign-compare]
  224 |             if ((availableBytes > minBytes ) && (toServe > 0)
      |                  ~~~~~~~~~~~~~~~^~~~~~~~~~
stack/mac/scheduler/LcgScheduler.cc:339:32: warning: comparison of integer expressions of different signedness: ‘unsigned int’ and ‘int’ [-Wsign-compare]
  339 |             if (availableBytes > minBytes)
      |                 ~~~~~~~~~~~~~~~^~~~~~~~~~
stack/mac/layer/LteMacUeD2D.cc: In member function ‘void LteMacUeD2D::macHandleD2DModeSwitch(omnetpp::cPacket*)’:
stack/mac/layer/LteMacUeD2D.cc:1049:57: warning: comparison of integer expressions of different signedness: ‘int’ and ‘unsigned int’ [-Wsign-compare]
 1049 |                                 for (int proc = 0; proc < (unsigned int) UE_TX_HARQ_PROCESSES; proc++)
stack/mac/layer/LteMacUeD2D.cc:1060:57: warning: comparison of integer expressions of different signedness: ‘int’ and ‘unsigned int’ [-Wsign-compare]
 1060 |                                 for (int proc = 0; proc < (unsigned int) UE_TX_HARQ_PROCESSES; proc++)
stack/mac/scheduler/LteSchedulerEnbUl.cc
stack/mac/scheduler/LteSchedulerUeUl.cc
stack/mac/scheduler/NRSchedulerGnbUl.cc
stack/mac/scheduling_modules/LteAllocatorBestFit.cc
stack/mac/scheduling_modules/LteDrr.cc
stack/mac/scheduling_modules/LteMaxCi.cc
stack/mac/scheduling_modules/LteMaxCiComp.cc
stack/mac/scheduling_modules/LteAllocatorBestFit.cc: In member function ‘virtual void LteAllocatorBestFit::prepareSchedule()’:
stack/mac/scheduling_modules/LteAllocatorBestFit.cc:314:49: warning: comparison of integer expressions of different signedness: ‘int’ and ‘unsigned int’ [-Wsign-compare]
  314 |             for( band=firstUnallocatedBand; band<numBands; band++ )
      |                                             ~~~~^~~~~~~~~
stack/mac/scheduling_modules/LteAllocatorBestFit.cc:425:45: warning: comparison of integer expressions of different signedness: ‘int’ and ‘unsigned int’ [-Wsign-compare]
  425 |             for( band=candidate.index; band < candidate.index+candidate.len; band++ )
      |                                        ~~~~~^~~~~~~~~~~~~~~~~~~~~~~~~~~~~~~
stack/mac/scheduling_modules/LteAllocatorBestFit.cc:440:45: warning: comparison of integer expressions of different signedness: ‘int’ and ‘unsigned int’ [-Wsign-compare]
  440 |             for( band=candidate.index; band > end; band-- )
      |                                        ~~~~~^~~~~
stack/mac/scheduling_modules/LteMaxCiMultiband.cc
stack/mac/scheduling_modules/LteMaxCiOptMB.cc
stack/mac/scheduling_modules/LtePf.cc
stack/packetFlowManager/PacketFlowManagerBase.cc
stack/packetFlowManager/PacketFlowManagerEnb.cc
stack/packetFlowManager/PacketFlowManagerUe.cc
stack/mac/scheduling_modules/LteMaxCiMultiband.cc: In member function ‘virtual void LteMaxCiMultiband::prepareSchedule()’:
stack/mac/scheduling_modules/LteMaxCiMultiband.cc:69:21: warning: comparison of integer expressions of different signedness: ‘int’ and ‘std::vector<short unsigned int>::size_type’ {aka ‘long unsigned int’} [-Wsign-compare]
   69 |         for( ; band < vect.size() ; ++band )
      |                ~~~~~^~~~~~~~~~~~~
stack/pdcp_rrc/ConnectionsTable.cc
stack/pdcp_rrc/layer/LtePdcpRrc.cc
stack/pdcp_rrc/layer/LtePdcpRrcEnbD2D.cc
stack/packetFlowManager/PacketFlowManagerEnb.cc: In member function ‘virtual void PacketFlowManagerEnb::receivedPdcpSdu(inet::Packet*)’:
stack/packetFlowManager/PacketFlowManagerEnb.cc:227:16: warning: comparison of integer expressions of different signedness: ‘unsigned int’ and ‘int’ [-Wsign-compare]
  227 |     while (sno > cit->second.lastPdpcSno +1)
      |            ~~~~^~~~~~~~~~~~~~~~~~~~~~~~~~~~
stack/pdcp_rrc/layer/LtePdcpRrcUeD2D.cc
stack/pdcp_rrc/layer/NRPdcpRrcEnb.cc
stack/pdcp_rrc/layer/NRPdcpRrcUe.cc
stack/pdcp_rrc/layer/entity/LteRxPdcpEntity.cc
stack/pdcp_rrc/layer/entity/LteTxPdcpEntity.cc
stack/pdcp_rrc/layer/entity/NRRxPdcpEntity.cc
stack/pdcp_rrc/layer/entity/NRTxPdcpEntity.cc
stack/phy/ChannelModel/LteChannelModel.cc
stack/phy/ChannelModel/LteDummyChannelModel.cc
stack/phy/ChannelModel/LteRealisticChannelModel.cc
stack/phy/ChannelModel/NRChannelModel.cc
stack/pdcp_rrc/layer/entity/NRRxPdcpEntity.cc: In member function ‘virtual void NRRxPdcpEntity::handlePdcpSdu(inet::Packet*)’:
stack/pdcp_rrc/layer/entity/NRRxPdcpEntity.cc:63:15: warning: comparison of integer expressions of different signedness: ‘int’ and ‘unsigned int’ [-Wsign-compare]
   63 |     if (index >= rxWindowDesc_.windowSize_)
      |         ~~~~~~^~~~~~~~~~~~~~~~~~~~~~~~~~~~
stack/pdcp_rrc/layer/entity/NRRxPdcpEntity.cc:92:20: warning: comparison of integer expressions of different signedness: ‘int’ and ‘unsigned int’ [-Wsign-compare]
   92 |         while (pos < rxWindowDesc_.windowSize_ && received_.at(pos))
      |                ~~~~^~~~~~~~~~~~~~~~~~~~~~~~~~~
stack/phy/ChannelModel/NRChannelModel_3GPP38_901.cc
stack/phy/das/DasFilter.cc
stack/phy/das/RemoteAntennaSet.cc
stack/phy/feedback/LteDlFeedbackGenerator.cc
stack/phy/feedback/LteFeedback.cc
stack/phy/ChannelModel/NRChannelModel.cc: In member function ‘virtual bool NRChannelModel::computeExtCellInterference(MacNodeId, MacNodeId, inet::Coord, bool, double, std::vector<double>*)’:
stack/phy/ChannelModel/NRChannelModel.cc:409:35: warning: comparison of integer expressions of different signedness: ‘unsigned int’ and ‘int’ [-Wsign-compare]
  409 |        for (unsigned int i = 0; i < numBands; i++)
      |                                 ~~^~~~~~~~~~
stack/phy/ChannelModel/NRChannelModel.cc: In member function ‘double NRChannelModel::computeExtCellPathLoss(double, double, MacNodeId)’:
stack/phy/ChannelModel/NRChannelModel.cc:437:11: warning: variable ‘speed’ set but not used [-Wunused-but-set-variable]
  437 |    double speed = .0;
      |           ^~~~~
stack/phy/feedback/LteFeedbackComputation.cc
stack/phy/feedback/LteFeedbackComputationRealistic.cc
stack/phy/feedback/LteSummaryBuffer.cc
stack/phy/feedback/LteSummaryFeedback.cc
stack/phy/feedback/testFeedback/FeedbackTester.cc
stack/phy/ChannelModel/LteRealisticChannelModel.cc: In member function ‘virtual double LteRealisticChannelModel::getReceivedPower_bgUe(double, inet::Coord, inet::Coord, Direction, bool, MacNodeId)’:
stack/phy/ChannelModel/LteRealisticChannelModel.cc:1228:12: warning: variable ‘noiseFigure’ set but not used [-Wunused-but-set-variable]
 1228 |     double noiseFigure = 0.0;
      |            ^~~~~~~~~~~
stack/phy/layer/LtePhyBase.cc
stack/phy/layer/LtePhyEnb.cc
stack/phy/layer/LtePhyEnbD2D.cc
stack/phy/layer/LtePhyUe.cc
stack/phy/layer/LtePhyUeD2D.cc
stack/phy/layer/NRPhyUe.cc
stack/phy/packet/LteAirFrame.cc
stack/phy/packet/LteFeedbackPkt.cc
stack/rlc/LteRlcMux.cc
stack/rlc/am/LteRlcAm.cc
stack/rlc/am/buffer/AmRxQueue.cc
stack/rlc/am/buffer/AmTxQueue.cc
stack/rlc/am/packet/LteRlcAmPdu.cc
stack/rlc/packet/LteRlcDataPdu.cc
stack/rlc/tm/LteRlcTm.cc
stack/rlc/am/buffer/AmRxQueue.cc: In member function ‘void AmRxQueue::discard(int)’:
stack/rlc/am/buffer/AmRxQueue.cc:140:31: warning: comparison of integer expressions of different signedness: ‘int’ and ‘unsigned int’ [-Wsign-compare]
  140 |     if ((index < 0) || (index >= rxWindowDesc_.windowSize_))
      |                         ~~~~~~^~~~~~~~~~~~~~~~~~~~~~~~~~~~
stack/rlc/am/buffer/AmRxQueue.cc: In member function ‘void AmRxQueue::enque(inet::Packet*)’:
stack/rlc/am/buffer/AmRxQueue.cc:287:21: warning: comparison of integer expressions of different signedness: ‘int’ and ‘unsigned int’ [-Wsign-compare]
  287 |     else if ((index >= rxWindowDesc_.windowSize_))
      |               ~~~~~~^~~~~~~~~~~~~~~~~~~~~~~~~~~~
stack/rlc/am/buffer/AmRxQueue.cc:295:17: warning: comparison of integer expressions of different signedness: ‘int’ and ‘unsigned int’ [-Wsign-compare]
  295 |         if (tsn == rxWindowDesc_.seqNum_)
      |             ~~~~^~~~~~~~~~~~~~~~~~~~~~~~
stack/rlc/am/buffer/AmRxQueue.cc: In member function ‘void AmRxQueue::checkCompleteSdu(int)’:
stack/rlc/am/buffer/AmRxQueue.cc:561:31: warning: comparison of integer expressions of different signedness: ‘int’ and ‘unsigned int’ [-Wsign-compare]
  561 |     for (int i = index + 1; i < (rxWindowDesc_.windowSize_); ++i)
      |                             ~~^~~~~~~~~~~~~~~~~~~~~~~~~~~~~
stack/rlc/am/buffer/AmRxQueue.cc: In member function ‘void AmRxQueue::sendStatusReport()’:
stack/rlc/am/buffer/AmRxQueue.cc:627:23: warning: comparison of integer expressions of different signedness: ‘int’ and ‘unsigned int’ [-Wsign-compare]
  627 |     for (int i = 0; i < rxWindowDesc_.windowSize_; ++i)
      |                     ~~^~~~~~~~~~~~~~~~~~~~~~~~~~~
stack/rlc/am/buffer/AmRxQueue.cc:665:24: warning: comparison of integer expressions of different signedness: ‘int’ and ‘unsigned int’ [-Wsign-compare]
  665 |         if (cumulative < rxWindowDesc_.windowSize_)
      |             ~~~~~~~~~~~^~~~~~~~~~~~~~~~~~~~~~~~~~~
stack/rlc/am/buffer/AmRxQueue.cc: In member function ‘int AmRxQueue::computeWindowShift() const’:
stack/rlc/am/buffer/AmRxQueue.cc:695:24: warning: comparison of integer expressions of different signedness: ‘int’ and ‘const unsigned int’ [-Wsign-compare]
  695 |     for ( int i = 0; i < rxWindowDesc_.windowSize_; ++i)
      |                      ~~^~~~~~~~~~~~~~~~~~~~~~~~~~~
stack/rlc/am/buffer/AmRxQueue.cc: In member function ‘void AmRxQueue::moveRxWindow(int)’:
stack/rlc/am/buffer/AmRxQueue.cc:718:12: warning: comparison of integer expressions of different signedness: ‘int’ and ‘unsigned int’ [-Wsign-compare]
  718 |     if (pos>rxWindowDesc_.windowSize_)
      |         ~~~^~~~~~~~~~~~~~~~~~~~~~~~~~
stack/rlc/am/buffer/AmRxQueue.cc:759:26: warning: comparison of integer expressions of different signedness: ‘int’ and ‘unsigned int’ [-Wsign-compare]
  759 |     for ( int i = pos; i < rxWindowDesc_.windowSize_; ++i)
      |                        ~~^~~~~~~~~~~~~~~~~~~~~~~~~~~
stack/rlc/um/LteRlcUm.cc
stack/rlc/am/buffer/AmTxQueue.cc: In member function ‘std::deque<inet::Packet*>* AmTxQueue::fragmentFrame(inet::Packet*, std::deque<int>&, RlcFragDesc)’:
stack/rlc/am/buffer/AmTxQueue.cc:110:26: warning: comparison of integer expressions of different signedness: ‘size_t’ {aka ‘long unsigned int’} and ‘int’ [-Wsign-compare]
  110 |     for (size_t i = 0; i < rlcFragDesc.totalFragments_; i++) {
      |                        ~~^~~~~~~~~~~~~~~~~~~~~~~~~~~~~
stack/rlc/am/buffer/AmTxQueue.cc:114:23: warning: comparison of integer expressions of different signedness: ‘size_t’ {aka ‘long unsigned int’} and ‘int’ [-Wsign-compare]
  114 |         B length = (i == rlcFragDesc.totalFragments_-1) ? B(frame->getTotalLength()) - offset : fragUnit;
      |                     ~~^~~~~~~~~~~~~~~~~~~~~~~~~~~~~~~~
stack/rlc/am/packet/LteRlcAmPdu.cc: In member function ‘virtual bool LteRlcAmPdu::isFirst() const’:
stack/rlc/am/packet/LteRlcAmPdu.cc:59:21: warning: comparison of integer expressions of different signedness: ‘const int’ and ‘const unsigned int’ [-Wsign-compare]
   59 |     return (firstSn == snoFragment);
      |             ~~~~~~~~^~~~~~~~~~~~~~
stack/rlc/am/packet/LteRlcAmPdu.cc: In member function ‘virtual bool LteRlcAmPdu::isLast() const’:
stack/rlc/am/packet/LteRlcAmPdu.cc:71:20: warning: comparison of integer expressions of different signedness: ‘const int’ and ‘const unsigned int’ [-Wsign-compare]
   71 |     return (lastSn == snoFragment);
      |             ~~~~~~~^~~~~~~~~~~~~~
stack/rlc/am/buffer/AmTxQueue.cc: In member function ‘void AmTxQueue::discard(int)’:
stack/rlc/am/buffer/AmTxQueue.cc:274:47: warning: comparison of integer expressions of different signedness: ‘int’ and ‘unsigned int’ [-Wsign-compare]
  274 |     if ((txWindowIndex < 0) || (txWindowIndex >= txWindowDesc_.windowSize_))
      |                                 ~~~~~~~~~~~~~~^~~~~~~~~~~~~~~~~~~~~~~~~~~~
stack/rlc/am/buffer/AmTxQueue.cc:300:11: warning: comparison of integer expressions of different signedness: ‘int’ and ‘unsigned int’ [-Wsign-compare]
  300 |         i < (txWindowDesc_.seqNum_ - txWindowDesc_.firstSeqNum_); ++i)
      |         ~~^~~~~~~~~~~~~~~~~~~~~~~~~~~~~~~~~~~~~~~~~~~~~~~~~~~~~~
stack/rlc/am/buffer/AmTxQueue.cc: In member function ‘void AmTxQueue::checkForMrw()’:
stack/rlc/am/buffer/AmTxQueue.cc:362:23: warning: comparison of integer expressions of different signedness: ‘int’ and ‘unsigned int’ [-Wsign-compare]
  362 |     for (int i = 0; i < (txWindowDesc_.seqNum_ - txWindowDesc_.firstSeqNum_); ++i)
      |                     ~~^~~~~~~~~~~~~~~~~~~~~~~~~~~~~~~~~~~~~~~~~~~~~~~~~~~~~~
stack/rlc/am/buffer/AmTxQueue.cc: In member function ‘void AmTxQueue::moveTxWindow(int)’:
stack/rlc/am/buffer/AmTxQueue.cc:426:11: warning: comparison of integer expressions of different signedness: ‘int’ and ‘unsigned int’ [-Wsign-compare]
  426 |         i < ((txWindowDesc_.seqNum_ - txWindowDesc_.firstSeqNum_)); ++i)
      |         ~~^~~~~~~~~~~~~~~~~~~~~~~~~~~~~~~~~~~~~~~~~~~~~~~~~~~~~~~~
stack/rlc/am/buffer/AmTxQueue.cc:464:11: warning: comparison of integer expressions of different signedness: ‘int’ and ‘unsigned int’ [-Wsign-compare]
  464 |         i < txWindowDesc_.windowSize_; ++i)
      |         ~~^~~~~~~~~~~~~~~~~~~~~~~~~~~
stack/rlc/am/buffer/AmTxQueue.cc: In member function ‘void AmTxQueue::recvAck(int)’:
stack/rlc/am/buffer/AmTxQueue.cc:649:15: warning: comparison of integer expressions of different signedness: ‘int’ and ‘unsigned int’ [-Wsign-compare]
  649 |     if (index >= txWindowDesc_.windowSize_)
      |         ~~~~~~^~~~~~~~~~~~~~~~~~~~~~~~~~~~
stack/rlc/am/buffer/AmTxQueue.cc: In member function ‘void AmTxQueue::recvCumulativeAck(int)’:
stack/rlc/am/buffer/AmTxQueue.cc:668:17: warning: comparison of integer expressions of different signedness: ‘const int’ and ‘unsigned int’ [-Wsign-compare]
  668 |     if ((seqNum < txWindowDesc_.firstSeqNum_) || (seqNum < 0))
      |          ~~~~~~~^~~~~~~~~~~~~~~~~~~~~~~~~~~~
stack/rlc/am/buffer/AmTxQueue.cc:683:27: warning: comparison of integer expressions of different signedness: ‘int’ and ‘unsigned int’ [-Wsign-compare]
  683 |         for (int i = 0; i <= (seqNum - txWindowDesc_.firstSeqNum_); ++i)
      |                         ~~^~~~~~~~~~~~~~~~~~~~~~~~~~~~~~~~~~~~~~~~
stack/rlc/am/buffer/AmTxQueue.cc: In member function ‘void AmTxQueue::pduTimerHandle(int)’:
stack/rlc/am/buffer/AmTxQueue.cc:749:31: warning: comparison of integer expressions of different signedness: ‘int’ and ‘unsigned int’ [-Wsign-compare]
  749 |     if ((index < 0) || (index >= txWindowDesc_.windowSize_))
      |                         ~~~~~~^~~~~~~~~~~~~~~~~~~~~~~~~~~~
stack/rlc/um/LteRlcUmD2D.cc
stack/rlc/am/buffer/AmTxQueue.cc: In member function ‘void AmTxQueue::mrwTimerHandle(int)’:
stack/rlc/am/buffer/AmTxQueue.cc:807:27: warning: comparison of integer expressions of different signedness: ‘unsigned int’ and ‘const int’ [-Wsign-compare]
  807 |     if (mrwDesc_.lastMrw_ > sn)
      |         ~~~~~~~~~~~~~~~~~~^~~~
stack/rlc/um/entity/UmRxEntity.cc
stack/rlc/um/entity/UmTxEntity.cc
world/radio/ChannelAccess.cc
world/radio/ChannelControl.cc
world/radio/LteChannelControl.cc
x2/LteX2Manager.cc
x2/X2AppClient.cc
x2/X2AppServer.cc
x2/packet/LteX2MsgSerializer.cc
apps/alert/AlertPacket_m.cc
apps/burst/BurstPacket_m.cc
stack/rlc/um/entity/UmRxEntity.cc: In member function ‘void UmRxEntity::enque(omnetpp::cPacket*)’:
stack/rlc/um/entity/UmRxEntity.cc:125:32: warning: comparison of integer expressions of different signedness: ‘int’ and ‘unsigned int’ [-Wsign-compare]
  125 |                 int p = (shift < rxWindowDesc_.windowSize_) ? shift : rxWindowDesc_.windowSize_;
      |                          ~~~~~~^~~~~~~~~~~~~~~~~~~~~~~~~~~
apps/cbr/CbrPacket_m.cc
stack/rlc/um/entity/UmRxEntity.cc: In member function ‘void UmRxEntity::moveRxWindow(int)’:
stack/rlc/um/entity/UmRxEntity.cc:258:12: warning: comparison of integer expressions of different signedness: ‘const int’ and ‘unsigned int’ [-Wsign-compare]
  258 |     if (pos>rxWindowDesc_.windowSize_)
      |         ~~~^~~~~~~~~~~~~~~~~~~~~~~~~~
apps/d2dMultihop/MultihopD2DPacket_m.cc
apps/d2dMultihop/TrickleTimerMsg_m.cc
apps/mec/DeviceApp/DeviceAppMessages/DeviceAppPacket_m.cc
apps/mec/MecApps/packets/ProcessingTimeMessage_m.cc
apps/mec/MecRequestResponseApp/packets/RequestResponsePacket_m.cc
apps/mec/RealTimeVideoStreamingApp/packets/RTVideoStreamingPackets_m.cc
apps/mec/WarningAlert/packets/WarningAlertPacket_m.cc
apps/mecRequestResponseApp/packets/MecRequestResponsePacket_m.cc
apps/mecRequestResponseApp/packets/MigrationTimer_m.cc
apps/vod/M1Message_m.cc
apps/vod/VoDPacket_m.cc
apps/voip/VoipPacket_m.cc
common/LteCommon_m.cc
common/LteCommonEnum_m.cc
common/LteControlInfo_m.cc
common/timer/TMultiTimerMsg_m.cc
common/timer/TTimerMsg_m.cc
corenetwork/gtp/GtpUserMsg_m.cc
corenetwork/trafficFlowFilter/TftControlInfo_m.cc
nodes/mec/MECOrchestrator/MECOMessages/MECOrchestratorMessages_m.cc
nodes/mec/MECPlatform/MEAppPacket_m.cc
nodes/mec/MECPlatform/MECPackets_m.cc
nodes/mec/MECPlatform/MECServices/packets/AperiodicSubscriptionTimer_m.cc
nodes/mec/MECPlatform/MECServices/packets/HttpMessages_m.cc
nodes/mec/UALCMP/UALCMPMessages/UALCMPMessages_m.cc
stack/backgroundTrafficGenerator/ActiveUeNotification_m.cc
stack/backgroundTrafficGenerator/generators/RtxNotification_m.cc
stack/d2dModeSelection/D2DModeSwitchNotification_m.cc
stack/mac/packet/LteHarqFeedback_m.cc
stack/mac/packet/LteMacPdu_m.cc
stack/mac/packet/LteMacSduRequest_m.cc
stack/mac/packet/LteRac_m.cc
stack/mac/packet/LteSchedulingGrant_m.cc
stack/pdcp_rrc/packet/LtePdcpPdu_m.cc
stack/pdcp_rrc/packet/LteRohcPdu_m.cc
stack/phy/packet/AirFrame_m.cc
stack/phy/packet/LteAirFrame_m.cc
stack/phy/packet/LteFeedbackPkt_m.cc
stack/rlc/LteRlcDefs_m.cc
stack/rlc/am/packet/LteRlcAmPdu_m.cc
stack/rlc/am/packet/LteRlcAmSdu_m.cc
stack/rlc/packet/LteRlcDataPdu_m.cc
stack/rlc/packet/LteRlcPdu_m.cc
stack/rlc/packet/LteRlcSdu_m.cc
x2/packet/LteX2Message_m.cc
x2/packet/X2ControlInfo_m.cc
Creating shared library: ../out/gcc-debug/src/libsimu5g_dbg.so
make[1]: Leaving directory '/home/hatada/work/cctc-cav-repro/third_party/simu5g/src'
